(977)
3 (919)
7 (66)
13 (54)
17 (76)
19 (73)
35 (107)
52 (122)
55 (170)
58 (61)
64 (96)
79 (74)
111 (76)
113 (59)
167 (60)
172 (63)
237 (54)
251 (72)
307 (51)
329 (100)
477 (71)
3 13 (54)
113 477 (53)
111 113 (52)
3 113 (57)
167 172 (57)
55 167 (58)
3 167 (60)
3 58 (60)
55 172 (61)
3 172 (63)
3 7 (65)
111 477 (62)
329 477 (62)
3 477 (69)
3 251 (68)
3 19 (69)
3 79 (62)
3 17 (70)
111 329 (62)
3 111 (74)
3 64 (82)
3 329 (94)
3 35 (105)
3 52 (118)
3 55 (169)
3 113 477 (51)
3 111 113 (50)
55 167 172 (56)
3 167 172 (57)
3 55 167 (58)
3 55 172 (61)
111 329 477 (62)
3 111 477 (60)
3 329 477 (60)
3 111 329 (60)
3 55 167 172 (56)
3 111 329 477 (60)
